TN:
SF:src/database.ts
FNF:0
FNH:0
DA:1,1
DA:3,1
DA:4,1
LF:3
LH:3
BRF:0
BRH:0
end_of_record
TN:
SF:src/services/recommendationsService.ts
FN:7,insert
FN:17,upvote
FN:23,downvote
FN:36,getByIdOrFail
FN:44,get
FN:48,getTop
FN:52,getRandom
FN:65,getByScore
FN:78,getScoreFilter
FNF:9
FNH:9
FNDA:2,insert
FNDA:1,upvote
FNDA:2,downvote
FNDA:4,getByIdOrFail
FNDA:1,get
FNDA:1,getTop
FNDA:2,getRandom
FNDA:2,getByScore
FNDA:2,getScoreFilter
DA:2,1
DA:3,1
DA:8,2
DA:11,2
DA:12,1
DA:14,1
DA:18,1
DA:20,1
DA:24,2
DA:26,2
DA:31,2
DA:32,1
DA:37,4
DA:39,4
DA:41,3
DA:45,1
DA:49,1
DA:53,2
DA:54,2
DA:56,2
DA:57,1
DA:58,0
DA:61,1
DA:62,1
DA:66,2
DA:71,2
DA:72,1
DA:75,0
DA:79,2
DA:80,2
DA:83,0
DA:86,1
LF:32
LH:29
BRDA:11,0,0,1
BRDA:31,1,0,1
BRDA:39,2,0,1
BRDA:57,3,0,0
BRDA:71,4,0,1
BRDA:79,5,0,2
BRF:6
BRH:5
end_of_record
TN:
SF:src/tests/factories/post.ts
FN:3,recomendationspost
FNF:1
FNH:1
FNDA:2,recomendationspost
DA:1,1
DA:3,1
DA:4,2
DA:5,2
LF:4
LH:4
BRF:0
BRH:0
end_of_record
TN:
SF:src/tests/factories/postRecomendations.ts
FN:3,postRecomendations
FNF:1
FNH:1
FNDA:2,postRecomendations
DA:1,1
DA:3,1
DA:4,2
DA:5,2
LF:4
LH:4
BRF:0
BRH:0
end_of_record
